# JRE version: OpenJDK Runtime Environment (8.0_111-b14) (build 1.8.0_111-8u111-b14-2ubuntu0.16.04.2-b14)
# Java VM: OpenJDK 64-Bit Server VM (25.111-b14 mixed mode linux-amd64 compressed oops)
Heap:
 PSYoungGen      total 522240K, used 33266K [0x00000000d7980000, 0x00000000f9f80000, 0x0000000100000000)
  eden space 488960K, 0% used [0x00000000d7980000,0x00000000d7980000,0x00000000f5700000)
  from space 33280K, 99% used [0x00000000f5700000,0x00000000f777c808,0x00000000f7780000)
  to   space 25600K, 0% used [0x00000000f7780000,0x00000000f7780000,0x00000000f9080000)
 ParOldGen       total 83456K, used 54560K [0x0000000086c00000, 0x000000008bd80000, 0x00000000d7980000)
  object space 83456K, 65% used [0x0000000086c00000,0x000000008a148050,0x000000008bd80000)
 Metaspace       used 2570K, capacity 4562K, committed 4864K, reserved 1056768K
  class space    used 270K, capacity 386K, committed 512K, reserved 1048576K
GC Heap History (10 events):
Event: 1,649 GC heap after
Heap after GC invocations=4 (full 0):
 PSYoungGen      total 130048K, used 5097K [0x00000000d7980000, 0x00000000dfd80000, 0x0000000100000000)
  eden space 124928K, 0% used [0x00000000d7980000,0x00000000d7980000,0x00000000df380000)
  from space 5120K, 99% used [0x00000000df880000,0x00000000dfd7a7b8,0x00000000dfd80000)
  to   space 5120K, 0% used [0x00000000df380000,0x00000000df380000,0x00000000df880000)
 ParOldGen       total 83456K, used 8120K [0x0000000086c00000, 0x000000008bd80000, 0x00000000d7980000)
  object space 83456K, 9% used [0x0000000086c00000,0x00000000873ee000,0x000000008bd80000)
 Metaspace       used 2570K, capacity 4562K, committed 4864K, reserved 1056768K
  class space    used 270K, capacity 386K, committed 512K, reserved 1048576K
}
Event: 2,349 GC heap before
{Heap before GC invocations=5 (full 0):
 PSYoungGen      total 130048K, used 130025K [0x00000000d7980000, 0x00000000dfd80000, 0x0000000100000000)
  eden space 124928K, 100% used [0x00000000d7980000,0x00000000df380000,0x00000000df380000)
  from space 5120K, 99% used [0x00000000df880000,0x00000000dfd7a7b8,0x00000000dfd80000)
  to   space 5120K, 0% used [0x00000000df380000,0x00000000df380000,0x00000000df880000)
 ParOldGen       total 83456K, used 8120K [0x0000000086c00000, 0x000000008bd80000, 0x00000000d7980000)
  object space 83456K, 9% used [0x0000000086c00000,0x00000000873ee000,0x000000008bd80000)
 Metaspace       used 2570K, capacity 4562K, committed 4864K, reserved 1056768K
  class space    used 270K, capacity 386K, committed 512K, reserved 1048576K
Event: 2,418 GC heap after
Heap after GC invocations=5 (full 0):
 PSYoungGen      total 130048K, used 5118K [0x00000000d7980000, 0x00000000e8b80000, 0x0000000100000000)
  eden space 124928K, 0% used [0x00000000d7980000,0x00000000d7980000,0x00000000df380000)
  from space 5120K, 99% used [0x00000000df380000,0x00000000df87fb78,0x00000000df880000)
  to   space 15360K, 0% used [0x00000000e7c80000,0x00000000e7c80000,0x00000000e8b80000)
 ParOldGen       total 83456K, used 16048K [0x0000000086c00000, 0x000000008bd80000, 0x00000000d7980000)
  object space 83456K, 19% used [0x0000000086c00000,0x0000000087bac000,0x000000008bd80000)
 Metaspace       used 2570K, capacity 4562K, committed 4864K, reserved 1056768K
  class space    used 270K, capacity 386K, committed 512K, reserved 1048576K
}
Event: 3,030 GC heap before
{Heap before GC invocations=6 (full 0):
 PSYoungGen      total 130048K, used 130046K [0x00000000d7980000, 0x00000000e8b80000, 0x0000000100000000)
  eden space 124928K, 100% used [0x00000000d7980000,0x00000000df380000,0x00000000df380000)
  from space 5120K, 99% used [0x00000000df380000,0x00000000df87fb78,0x00000000df880000)
  to   space 15360K, 0% used [0x00000000e7c80000,0x00000000e7c80000,0x00000000e8b80000)
 ParOldGen       total 83456K, used 16048K [0x0000000086c00000, 0x000000008bd80000, 0x00000000d7980000)
  object space 83456K, 19% used [0x0000000086c00000,0x0000000087bac000,0x000000008bd80000)
 Metaspace       used 2570K, capacity 4562K, committed 4864K, reserved 1056768K
  class space    used 270K, capacity 386K, committed 512K, reserved 1048576K
Event: 3,108 GC heap after
Heap after GC invocations=6 (full 0):
 PSYoungGen      total 263680K, used 12270K [0x00000000d7980000, 0x00000000e8e80000, 0x0000000100000000)
  eden space 248320K, 0% used [0x00000000d7980000,0x00000000d7980000,0x00000000e6c00000)
  from space 15360K, 79% used [0x00000000e7c80000,0x00000000e887b908,0x00000000e8b80000)
  to   space 16896K, 0% used [0x00000000e6c00000,0x00000000e6c00000,0x00000000e7c80000)
 ParOldGen       total 83456K, used 16048K [0x0000000086c00000, 0x000000008bd80000, 0x00000000d7980000)
  object space 83456K, 19% used [0x0000000086c00000,0x0000000087bac000,0x000000008bd80000)
 Metaspace       used 2570K, capacity 4562K, committed 4864K, reserved 1056768K
  class space    used 270K, capacity 386K, committed 512K, reserved 1048576K
}
Event: 4,669 GC heap before
{Heap before GC invocations=7 (full 0):
 PSYoungGen      total 263680K, used 260590K [0x00000000d7980000, 0x00000000e8e80000, 0x0000000100000000)
  eden space 248320K, 100% used [0x00000000d7980000,0x00000000e6c00000,0x00000000e6c00000)
  from space 15360K, 79% used [0x00000000e7c80000,0x00000000e887b908,0x00000000e8b80000)
  to   space 16896K, 0% used [0x00000000e6c00000,0x00000000e6c00000,0x00000000e7c80000)
 ParOldGen       total 83456K, used 16048K [0x0000000086c00000, 0x000000008bd80000, 0x00000000d7980000)
  object space 83456K, 19% used [0x0000000086c00000,0x0000000087bac000,0x000000008bd80000)
 Metaspace       used 2570K, capacity 4562K, committed 4864K, reserved 1056768K
  class space    used 270K, capacity 386K, committed 512K, reserved 1048576K
Event: 4,852 GC heap after
Heap after GC invocations=7 (full 0):
 PSYoungGen      total 265216K, used 16893K [0x00000000d7980000, 0x00000000f9080000, 0x0000000100000000)
  eden space 248320K, 0% used [0x00000000d7980000,0x00000000d7980000,0x00000000e6c00000)
  from space 16896K, 99% used [0x00000000e6c00000,0x00000000e7c7f568,0x00000000e7c80000)
  to   space 25600K, 0% used [0x00000000f7780000,0x00000000f7780000,0x00000000f9080000)
 ParOldGen       total 83456K, used 26976K [0x0000000086c00000, 0x000000008bd80000, 0x00000000d7980000)
  object space 83456K, 32% used [0x0000000086c00000,0x0000000088658050,0x000000008bd80000)
 Metaspace       used 2570K, capacity 4562K, committed 4864K, reserved 1056768K
  class space    used 270K, capacity 386K, committed 512K, reserved 1048576K
}
Event: 5,775 GC heap before
{Heap before GC invocations=8 (full 0):
 PSYoungGen      total 265216K, used 265213K [0x00000000d7980000, 0x00000000f9080000, 0x0000000100000000)
  eden space 248320K, 100% used [0x00000000d7980000,0x00000000e6c00000,0x00000000e6c00000)
  from space 16896K, 99% used [0x00000000e6c00000,0x00000000e7c7f568,0x00000000e7c80000)
  to   space 25600K, 0% used [0x00000000f7780000,0x00000000f7780000,0x00000000f9080000)
 ParOldGen       total 83456K, used 26976K [0x0000000086c00000, 0x000000008bd80000, 0x00000000d7980000)
  object space 83456K, 32% used [0x0000000086c00000,0x0000000088658050,0x000000008bd80000)
 Metaspace       used 2570K, capacity 4562K, committed 4864K, reserved 1056768K
  class space    used 270K, capacity 386K, committed 512K, reserved 1048576K
Event: 5,873 GC heap after
Heap after GC invocations=8 (full 0):
 PSYoungGen      total 514560K, used 25580K [0x00000000d7980000, 0x00000000f9f80000, 0x0000000100000000)
  eden space 488960K, 0% used [0x00000000d7980000,0x00000000d7980000,0x00000000f5700000)
  from space 25600K, 99% used [0x00000000f7780000,0x00000000f907b010,0x00000000f9080000)
  to   space 33280K, 0% used [0x00000000f5700000,0x00000000f5700000,0x00000000f7780000)
 ParOldGen       total 83456K, used 33800K [0x0000000086c00000, 0x000000008bd80000, 0x00000000d7980000)
  object space 83456K, 40% used [0x0000000086c00000,0x0000000088d02050,0x000000008bd80000)
 Metaspace       used 2570K, capacity 4562K, committed 4864K, reserved 1056768K
  class space    used 270K, capacity 386K, committed 512K, reserved 1048576K
}
Event: 8,457 GC heap before
{Heap before GC invocations=9 (full 0):
 PSYoungGen      total 514560K, used 514540K [0x00000000d7980000, 0x00000000f9f80000, 0x0000000100000000)
  eden space 488960K, 100% used [0x00000000d7980000,0x00000000f5700000,0x00000000f5700000)
  from space 25600K, 99% used [0x00000000f7780000,0x00000000f907b010,0x00000000f9080000)
  to   space 33280K, 0% used [0x00000000f5700000,0x00000000f5700000,0x00000000f7780000)
 ParOldGen       total 83456K, used 33800K [0x0000000086c00000, 0x000000008bd80000, 0x00000000d7980000)
  object space 83456K, 40% used [0x0000000086c00000,0x0000000088d02050,0x000000008bd80000)
 Metaspace       used 2570K, capacity 4562K, committed 4864K, reserved 1056768K
  class space    used 270K, capacity 386K, committed 512K, reserved 1048576K

